{"name": "test_post_new_pet", "status": "failed", "statusDetails": {"message": "AssertionError: assert False", "trace": ">   ???\nE   assert False\n\nC:\\Users\\Tamar Samara\\PycharmProjects\\swagerpytest\\testPet.py:50: AssertionError"}, "description": "\n    Check to add an existing pet\n    failed\n    ", "attachments": [{"name": "log", "source": "a8b69814-bfaa-4505-ad14-6eeb684351bc-attachment.txt", "type": "text/plain"}], "start": 1660051372328, "stop": 1660051373720, "uuid": "015e50a1-b24b-4fa3-a3c0-eb9da2756df8", "historyId": "031b7567cd17b445d0b9d4e5281bb47c", "testCaseId": "698934ebbcb5632443aba85b9f64b14d", "fullName": "testPet#test_post_new_pet", "labels": [{"name": "tag", "value": "failed"}, {"name": "suite", "value": "testPet"}, {"name": "host", "value": "tamar1"}, {"name": "thread", "value": "17536-MainThread"}, {"name": "framework", "value": "pytest"}, {"name": "language", "value": "cpython3"}, {"name": "package", "value": "testPet"}]}