{"name": "test_put_user", "status": "failed", "statusDetails": {"message": "AssertionError: assert 500 == 200", "trace": ">   ???\nE   assert 500 == 200\n\nC:\\Users\\Tamar Samara\\PycharmProjects\\swagerpytest\\testUser.py:114: AssertionError"}, "description": "\n    Check to update a non-existent user to the default state in the Store\n    failed\n    ", "attachments": [{"name": "log", "source": "f39f7cd0-cb8b-4d81-9619-df0aad93be20-attachment.txt", "type": "text/plain"}], "start": 1660051408154, "stop": 1660051408886, "uuid": "3dc673e8-4b53-4f1c-8f07-f164b41ac6c2", "historyId": "da41053c182724ea4e0b38e961324a13", "testCaseId": "9b43bf955a634a1f94b0e1351db897fe", "fullName": "testUser#test_put_user", "labels": [{"name": "tag", "value": "failed"}, {"name": "suite", "value": "testUser"}, {"name": "host", "value": "tamar1"}, {"name": "thread", "value": "128-MainThread"}, {"name": "framework", "value": "pytest"}, {"name": "language", "value": "cpython3"}, {"name": "package", "value": "testUser"}]}